Requirement already up-to-date: requests>=2.20.1 in c:\users\lawre\appdata\local\programs\python\python39\lib\site-packages (2.25.1)
Requirement already satisfied, skipping upgrade: chardet<5,>=3.0.2 in c:\users\lawre\appdata\local\programs\python\python39\lib\site-packages (from requests>=2.20.1) (3.0.4)
Requirement already satisfied, skipping upgrade: idna<3,>=2.5 in c:\users\lawre\appdata\local\programs\python\python39\lib\site-packages (from requests>=2.20.1) (2.10)
Requirement already satisfied, skipping upgrade: certifi>=2017.4.17 in c:\users\lawre\appdata\local\programs\python\python39\lib\site-packages (from requests>=2.20.1) (2020.12.5)
Requirement already satisfied, skipping upgrade: urllib3<1.27,>=1.21.1 in c:\users\lawre\appdata\local\programs\python\python39\lib\site-packages (from requests>=2.20.1) (1.26.3)
WARNING: You are using pip version 20.2.3; however, version 21.0.1 is available.
You should consider upgrading via the 'C:\Users\lawre\AppData\Local\Programs\Python\Python39\python.exe -m pip install --upgrade pip' command.
Requirement already up-to-date: discord.py[voice]>=1.2.2 in c:\users\lawre\appdata\local\programs\python\python39\lib\site-packages (1.6.0)
Requirement already satisfied, skipping upgrade: aiohttp<3.8.0,>=3.6.0 in c:\users\lawre\appdata\local\programs\python\python39\lib\site-packages (from discord.py[voice]>=1.2.2) (3.7.4)
Collecting PyNaCl<1.5,>=1.3.0; extra == "voice"
  Downloading PyNaCl-1.4.0-cp35-abi3-win_amd64.whl (206 kB)
Requirement already satisfied, skipping upgrade: chardet<4.0,>=2.0 in c:\users\lawre\appdata\local\programs\python\python39\lib\site-packages (from aiohttp<3.8.0,>=3.6.0->discord.py[voice]>=1.2.2) (3.0.4)
Requirement already satisfied, skipping upgrade: yarl<2.0,>=1.0 in c:\users\lawre\appdata\local\programs\python\python39\lib\site-packages (from aiohttp<3.8.0,>=3.6.0->discord.py[voice]>=1.2.2) (1.6.3)
Requirement already satisfied, skipping upgrade: typing-extensions>=3.6.5 in c:\users\lawre\appdata\local\programs\python\python39\lib\site-packages (from aiohttp<3.8.0,>=3.6.0->discord.py[voice]>=1.2.2) (3.7.4.3)
Requirement already satisfied, skipping upgrade: multidict<7.0,>=4.5 in c:\users\lawre\appdata\local\programs\python\python39\lib\site-packages (from aiohttp<3.8.0,>=3.6.0->discord.py[voice]>=1.2.2) (5.1.0)
Requirement already satisfied, skipping upgrade: attrs>=17.3.0 in c:\users\lawre\appdata\local\programs\python\python39\lib\site-packages (from aiohttp<3.8.0,>=3.6.0->discord.py[voice]>=1.2.2) (20.3.0)
Requirement already satisfied, skipping upgrade: async-timeout<4.0,>=3.0 in c:\users\lawre\appdata\local\programs\python\python39\lib\site-packages (from aiohttp<3.8.0,>=3.6.0->discord.py[voice]>=1.2.2) (3.0.1)
Requirement already satisfied, skipping upgrade: six in c:\users\lawre\appdata\local\programs\python\python39\lib\site-packages (from PyNaCl<1.5,>=1.3.0; extra == "voice"->discord.py[voice]>=1.2.2) (1.15.0)
Collecting cffi>=1.4.1
  Downloading cffi-1.14.5-cp39-cp39-win_amd64.whl (179 kB)
Requirement already satisfied, skipping upgrade: idna>=2.0 in c:\users\lawre\appdata\local\programs\python\python39\lib\site-packages (from yarl<2.0,>=1.0->aiohttp<3.8.0,>=3.6.0->discord.py[voice]>=1.2.2) (2.10)
Collecting pycparser
  Downloading pycparser-2.20-py2.py3-none-any.whl (112 kB)
Installing collected packages: pycparser, cffi, PyNaCl
Successfully installed PyNaCl-1.4.0 cffi-1.14.5 pycparser-2.20
WARNING: You are using pip version 20.2.3; however, version 21.0.1 is available.
You should consider upgrading via the 'C:\Users\lawre\AppData\Local\Programs\Python\Python39\python.exe -m pip install --upgrade pip' command.
Collecting termcolor>=1.1.0
  Downloading termcolor-1.1.0.tar.gz (3.9 kB)
Using legacy 'setup.py install' for termcolor, since package 'wheel' is not installed.
Installing collected packages: termcolor
    Running setup.py install for termcolor: started
    Running setup.py install for termcolor: finished with status 'done'
Successfully installed termcolor-1.1.0
WARNING: You are using pip version 20.2.3; however, version 21.0.1 is available.
You should consider upgrading via the 'C:\Users\lawre\AppData\Local\Programs\Python\Python39\python.exe -m pip install --upgrade pip' command.
Collecting colorama>=0.4.1
  Using cached colorama-0.4.4-py2.py3-none-any.whl (16 kB)
Installing collected packages: colorama
Successfully installed colorama-0.4.4
WARNING: You are using pip version 20.2.3; however, version 21.0.1 is available.
You should consider upgrading via the 'C:\Users\lawre\AppData\Local\Programs\Python\Python39\python.exe -m pip install --upgrade pip' command.
Collecting youtube_dl>=2019.8.2
  Downloading youtube_dl-2021.3.2-py2.py3-none-any.whl (1.9 MB)
Installing collected packages: youtube-dl
  WARNING: The script youtube-dl.exe is installed in 'C:\Users\lawre\AppData\Roaming\Python\Python39\Scripts' which is not on PATH.
  Consider adding this directory to PATH or, if you prefer to suppress this warning, use --no-warn-script-location.
Successfully installed youtube-dl-2021.3.2
WARNING: You are using pip version 20.2.3; however, version 21.0.1 is available.
You should consider upgrading via the 'C:\Users\lawre\AppData\Local\Programs\Python\Python39\python.exe -m pip install --upgrade pip' command.
Collecting pyperclip>=1.7.0
  Downloading pyperclip-1.8.2.tar.gz (20 kB)
Using legacy 'setup.py install' for pyperclip, since package 'wheel' is not installed.
Installing collected packages: pyperclip
    Running setup.py install for pyperclip: started
    Running setup.py install for pyperclip: finished with status 'done'
Successfully installed pyperclip-1.8.2
WARNING: You are using pip version 20.2.3; however, version 21.0.1 is available.
You should consider upgrading via the 'C:\Users\lawre\AppData\Local\Programs\Python\Python39\python.exe -m pip install --upgrade pip' command.
Collecting animation>=0.0.6
  Downloading animation-0.0.6-py2.py3-none-any.whl (8.3 kB)
Installing collected packages: animation
Successfully installed animation-0.0.6
WARNING: You are using pip version 20.2.3; however, version 21.0.1 is available.
You should consider upgrading via the 'C:\Users\lawre\AppData\Local\Programs\Python\Python39\python.exe -m pip install --upgrade pip' command.
Collecting py-cpuinfo>=5.0.0
  Downloading py-cpuinfo-7.0.0.tar.gz (95 kB)
Using legacy 'setup.py install' for py-cpuinfo, since package 'wheel' is not installed.
Installing collected packages: py-cpuinfo
    Running setup.py install for py-cpuinfo: started
    Running setup.py install for py-cpuinfo: finished with status 'done'
Successfully installed py-cpuinfo-7.0.0
WARNING: You are using pip version 20.2.3; however, version 21.0.1 is available.
You should consider upgrading via the 'C:\Users\lawre\AppData\Local\Programs\Python\Python39\python.exe -m pip install --upgrade pip' command.
Collecting dhooks>=1.1.0
  Downloading dhooks-1.1.4.tar.gz (11 kB)
Requirement already satisfied, skipping upgrade: aiohttp in c:\users\lawre\appdata\local\programs\python\python39\lib\site-packages (from dhooks>=1.1.0) (3.7.4)
Requirement already satisfied, skipping upgrade: requests in c:\users\lawre\appdata\local\programs\python\python39\lib\site-packages (from dhooks>=1.1.0) (2.25.1)
Requirement already satisfied, skipping upgrade: multidict<7.0,>=4.5 in c:\users\lawre\appdata\local\programs\python\python39\lib\site-packages (from aiohttp->dhooks>=1.1.0) (5.1.0)
Requirement already satisfied, skipping upgrade: yarl<2.0,>=1.0 in c:\users\lawre\appdata\local\programs\python\python39\lib\site-packages (from aiohttp->dhooks>=1.1.0) (1.6.3)
Requirement already satisfied, skipping upgrade: typing-extensions>=3.6.5 in c:\users\lawre\appdata\local\programs\python\python39\lib\site-packages (from aiohttp->dhooks>=1.1.0) (3.7.4.3)
Requirement already satisfied, skipping upgrade: chardet<4.0,>=2.0 in c:\users\lawre\appdata\local\programs\python\python39\lib\site-packages (from aiohttp->dhooks>=1.1.0) (3.0.4)
Requirement already satisfied, skipping upgrade: async-timeout<4.0,>=3.0 in c:\users\lawre\appdata\local\programs\python\python39\lib\site-packages (from aiohttp->dhooks>=1.1.0) (3.0.1)
Requirement already satisfied, skipping upgrade: attrs>=17.3.0 in c:\users\lawre\appdata\local\programs\python\python39\lib\site-packages (from aiohttp->dhooks>=1.1.0) (20.3.0)
Requirement already satisfied, skipping upgrade: certifi>=2017.4.17 in c:\users\lawre\appdata\local\programs\python\python39\lib\site-packages (from requests->dhooks>=1.1.0) (2020.12.5)
Requirement already satisfied, skipping upgrade: urllib3<1.27,>=1.21.1 in c:\users\lawre\appdata\local\programs\python\python39\lib\site-packages (from requests->dhooks>=1.1.0) (1.26.3)
Requirement already satisfied, skipping upgrade: idna<3,>=2.5 in c:\users\lawre\appdata\local\programs\python\python39\lib\site-packages (from requests->dhooks>=1.1.0) (2.10)
Using legacy 'setup.py install' for dhooks, since package 'wheel' is not installed.
Installing collected packages: dhooks
    Running setup.py install for dhooks: started
    Running setup.py install for dhooks: finished with status 'done'
Successfully installed dhooks-1.1.4
WARNING: You are using pip version 20.2.3; however, version 21.0.1 is available.
You should consider upgrading via the 'C:\Users\lawre\AppData\Local\Programs\Python\Python39\python.exe -m pip install --upgrade pip' command.
Collecting PySimpleGUI==4.11.0
  Downloading PySimpleGUI-4.11.0-py3-none-any.whl (285 kB)
Installing collected packages: PySimpleGUI
  Attempting uninstall: PySimpleGUI
    Found existing installation: PySimpleGUI 4.34.0
    Uninstalling PySimpleGUI-4.34.0:
      Successfully uninstalled PySimpleGUI-4.34.0
Successfully installed PySimpleGUI-4.11.0
WARNING: You are using pip version 20.2.3; however, version 21.0.1 is available.
You should consider upgrading via the 'C:\Users\lawre\AppData\Local\Programs\Python\Python39\python.exe -m pip install --upgrade pip' command.
Collecting PySimpleGUIQt>=0.26.0
  Downloading PySimpleGUIQt-0.35.0-py3-none-any.whl (82 kB)
Collecting pyside2
  Downloading PySide2-5.15.2-5.15.2-cp35.cp36.cp37.cp38.cp39-none-win_amd64.whl (136.3 MB)
Collecting shiboken2==5.15.2
  Downloading shiboken2-5.15.2-5.15.2-cp35.cp36.cp37.cp38.cp39-none-win_amd64.whl (2.3 MB)
Installing collected packages: shiboken2, pyside2, PySimpleGUIQt
  WARNING: The scripts pyside2-designer.exe, pyside2-lupdate.exe, pyside2-rcc.exe and pyside2-uic.exe are installed in 'C:\Users\lawre\AppData\Roaming\Python\Python39\Scripts' which is not on PATH.
  Consider adding this directory to PATH or, if you prefer to suppress this warning, use --no-warn-script-location.
Successfully installed PySimpleGUIQt-0.35.0 pyside2-5.15.2 shiboken2-5.15.2
WARNING: You are using pip version 20.2.3; however, version 21.0.1 is available.
You should consider upgrading via the 'C:\Users\lawre\AppData\Local\Programs\Python\Python39\python.exe -m pip install --upgrade pip' command.
Requirement already up-to-date: PySide2>=5.13.0 in c:\users\lawre\appdata\roaming\python\python39\site-packages (5.15.2)
Requirement already satisfied, skipping upgrade: shiboken2==5.15.2 in c:\users\lawre\appdata\roaming\python\python39\site-packages (from PySide2>=5.13.0) (5.15.2)
WARNING: You are using pip version 20.2.3; however, version 21.0.1 is available.
You should consider upgrading via the 'C:\Users\lawre\AppData\Local\Programs\Python\Python39\python.exe -m pip install --upgrade pip' command.
Collecting psutil>=5.6.3
  Downloading psutil-5.8.0-cp39-cp39-win_amd64.whl (246 kB)
Installing collected packages: psutil
Successfully installed psutil-5.8.0
WARNING: You are using pip version 20.2.3; however, version 21.0.1 is available.
You should consider upgrading via the 'C:\Users\lawre\AppData\Local\Programs\Python\Python39\python.exe -m pip install --upgrade pip' command.
Collecting websocket_client>=0.56.0
  Downloading websocket_client-0.57.0-py2.py3-none-any.whl (200 kB)
Requirement already satisfied, skipping upgrade: six in c:\users\lawre\appdata\local\programs\python\python39\lib\site-packages (from websocket_client>=0.56.0) (1.15.0)
Installing collected packages: websocket-client
Successfully installed websocket-client-0.57.0
WARNING: You are using pip version 20.2.3; however, version 21.0.1 is available.
You should consider upgrading via the 'C:\Users\lawre\AppData\Local\Programs\Python\Python39\python.exe -m pip install --upgrade pip' command.
Collecting emoji>=0.5.2
  Downloading emoji-1.2.0-py3-none-any.whl (131 kB)
Installing collected packages: emoji
Successfully installed emoji-1.2.0
WARNING: You are using pip version 20.2.3; however, version 21.0.1 is available.
You should consider upgrading via the 'C:\Users\lawre\AppData\Local\Programs\Python\Python39\python.exe -m pip install --upgrade pip' command.
Collecting playsound>=1.2.2
  Downloading playsound-1.2.2-py2.py3-none-any.whl (6.0 kB)
Installing collected packages: playsound
Successfully installed playsound-1.2.2
WARNING: You are using pip version 20.2.3; however, version 21.0.1 is available.
You should consider upgrading via the 'C:\Users\lawre\AppData\Local\Programs\Python\Python39\python.exe -m pip install --upgrade pip' command.
Collecting selenium>=3.141.0
  Downloading selenium-3.141.0-py2.py3-none-any.whl (904 kB)
Requirement already satisfied, skipping upgrade: urllib3 in c:\users\lawre\appdata\local\programs\python\python39\lib\site-packages (from selenium>=3.141.0) (1.26.3)
Installing collected packages: selenium
Successfully installed selenium-3.141.0
WARNING: You are using pip version 20.2.3; however, version 21.0.1 is available.
You should consider upgrading via the 'C:\Users\lawre\AppData\Local\Programs\Python\Python39\python.exe -m pip install --upgrade pip' command.
Collecting pyinstaller>=3.5
  Downloading pyinstaller-4.2.tar.gz (3.6 MB)
  Installing build dependencies: started
  Installing build dependencies: finished with status 'done'
  Getting requirements to build wheel: started
  Getting requirements to build wheel: finished with status 'done'
    Preparing wheel metadata: started
    Preparing wheel metadata: finished with status 'done'
Collecting altgraph
  Downloading altgraph-0.17-py2.py3-none-any.whl (21 kB)
Collecting pyinstaller-hooks-contrib>=2020.6
  Downloading pyinstaller_hooks_contrib-2020.11-py2.py3-none-any.whl (172 kB)
Requirement already satisfied, skipping upgrade: setuptools in c:\users\lawre\appdata\local\programs\python\python39\lib\site-packages (from pyinstaller>=3.5) (49.2.1)
Collecting pefile>=2017.8.1; sys_platform == "win32"
  Downloading pefile-2019.4.18.tar.gz (62 kB)
Collecting pywin32-ctypes>=0.2.0; sys_platform == "win32"
  Downloading pywin32_ctypes-0.2.0-py2.py3-none-any.whl (28 kB)
Collecting future
  Downloading future-0.18.2.tar.gz (829 kB)
Using legacy 'setup.py install' for pefile, since package 'wheel' is not installed.
Using legacy 'setup.py install' for future, since package 'wheel' is not installed.
Building wheels for collected packages: pyinstaller
  Building wheel for pyinstaller (PEP 517): started
  Building wheel for pyinstaller (PEP 517): finished with status 'done'
  Created wheel for pyinstaller: filename=pyinstaller-4.2-py3-none-any.whl size=2413076 sha256=b422db5082983a079bf66e5a3ff6dcd5ed8f994ee9b081f54f6786f396623524
  Stored in directory: c:\users\lawre\appdata\local\pip\cache\wheels\b2\10\66\947cc1c6aebd3e270efd8ec60cf7656d5cbad06c0b34eae143
Successfully built pyinstaller
Installing collected packages: altgraph, pyinstaller-hooks-contrib, future, pefile, pywin32-ctypes, pyinstaller
    Running setup.py install for future: started
    Running setup.py install for future: finished with status 'done'
    Running setup.py install for pefile: started
    Running setup.py install for pefile: finished with status 'done'
  WARNING: The scripts pyi-archive_viewer.exe, pyi-bindepend.exe, pyi-grab_version.exe, pyi-makespec.exe, pyi-set_version.exe and pyinstaller.exe are installed in 'C:\Users\lawre\AppData\Roaming\Python\Python39\Scripts' which is not on PATH.
  Consider adding this directory to PATH or, if you prefer to suppress this warning, use --no-warn-script-location.
Successfully installed altgraph-0.17 future-0.18.2 pefile-2019.4.18 pyinstaller-4.2 pyinstaller-hooks-contrib-2020.11 pywin32-ctypes-0.2.0
WARNING: You are using pip version 20.2.3; however, version 21.0.1 is available.
You should consider upgrading via the 'C:\Users\lawre\AppData\Local\Programs\Python\Python39\python.exe -m pip install --upgrade pip' command.
Requirement already up-to-date: pluginbase>=1.0.0 in c:\users\lawre\appdata\roaming\python\python39\site-packages (1.0.0)
WARNING: You are using pip version 20.2.3; however, version 21.0.1 is available.
You should consider upgrading via the 'C:\Users\lawre\AppData\Local\Programs\Python\Python39\python.exe -m pip install --upgrade pip' command.
Collecting Pillow>=6.1.0
  Downloading Pillow-8.1.1-cp39-cp39-win_amd64.whl (2.2 MB)
Installing collected packages: Pillow
Successfully installed Pillow-8.1.1
WARNING: You are using pip version 20.2.3; however, version 21.0.1 is available.
You should consider upgrading via the 'C:\Users\lawre\AppData\Local\Programs\Python\Python39\python.exe -m pip install --upgrade pip' command.
Collecting pysocks>=1.7.0
  Downloading PySocks-1.7.1-py3-none-any.whl (16 kB)
Installing collected packages: pysocks
Successfully installed pysocks-1.7.1
WARNING: You are using pip version 20.2.3; however, version 21.0.1 is available.
You should consider upgrading via the 'C:\Users\lawre\AppData\Local\Programs\Python\Python39\python.exe -m pip install --upgrade pip' command.
